Turbo Assembler	 Version 4.1	    03/02/20 11:11:45	    Page 1
interupt.asm



      1	    0000			 .model	tiny
      2					 .286
      3					 .386
      4	    0000			 .code
      5					 org 100h
      6
      7					 extrn EndLabel
      8					 extrn frame: proc
      9					 extrn wait_
     10
     11		  =0021			 OUTPUT		     equ 21h
     12		  =4C00			 OUTPUT_CODE_AX	     equ 4C00h
     13		  =7F7E			 FRAME_COLOUR	     equ 07F7eh
     14		  =0050			 SYMBOLS_ONE_LINE    equ 80
     15		  =B800			 VIDEO_MEMORY	     equ 0b800h
     16		  =0005			 LINES		     equ 5
     17		  =003C			 WIDTH		     equ 60
*Warning* interupt.asm(17) Reserved word used as symbol: WIDTH
     18		  =0012			 LEFT_CORNER_X	     equ 18
     19		  =000F			 LEFT_CORNER_Y	     equ 15
     20
     21
     22		  =0024			 INT_9		 equ 9*4
     23
     24	    0100			 Start:
     25	    0100  E8 0063				 call interupt_new
     26
     27	    0103  E8 0082				 call stay_resident
     28
     29	    0106			 New09		 proc
     30
     31	    0106  50 53	06 52 57			 push ax bx es dx di
     32
     33	    010B  E4 60					 in al,	60h
     34	    010D  8A D8					 mov bl, al
     35	    010F  E8 0047				 call shine_bit
     36
     37	    0112  80 FB	02				 cmp bl, 2
     38	    0115  75 06	90 90				 jne skip
     39	    0119  E8 0010				 call frame_
     40
     41
     42
     43	    011C  AB					 stosw
     44
     45
     46	    011D			 skip:
     47	    011D  B0 20					 mov al, 20h ;say that interupt	ended
     48	    011F  E6 20					 out 20h, al
     49
     50	    0121  5F 5A	07 5B 58			 pop di	dx es bx ax
     51
     52	    0126  EA					 db 0eah
     53	    0127  0000			 Old09		 dw 0
     54	    0129  0000					 dw 0
     55
     56	    012B  CF					 iret
Turbo Assembler	 Version 4.1	    03/02/20 11:11:45	    Page 2
interupt.asm



     57	    012C					 endp
     58
     59
     60					 ;===============================================
     61					 ;Calls	frame and safe registers
     62					 ;Input	- al - scan code
     63					 ;=============================================
     64
     65	    012C			 frame_		 proc
     66
     67	    012C  B8 B800				 mov ax, VIDEO_MEMORY
     68	    012F  8E C0					 mov es, ax
     69
     70	    0131  8A C2					 mov al, dl
     71	    0133  BF 0CDA				 mov di, ((LEFT_CORNER_X + LINES / 2) *	80 + LEFT_CORNER_Y + WIDTH / 2)	* 2
     72	    0136  B4 4E					 mov ah, 4eh
     73	    0138  AB					 stosw
     74
     75	    0139  50 06	51 53 52 57			 push ax es cx bx dx di
     76
     77	    013F  B8 B800				 mov ax, VIDEO_MEMORY
     78	    0142  8E C0					 mov es, ax
     79
     80	    0144  B9 7F7E				 mov cx, FRAME_COLOUR
     81	    0147  B3 05					 mov bl, LINES
     82	    0149  B7 3C					 mov bh, WIDTH
     83	    014B  B2 12					 mov dl, LEFT_CORNER_X
     84	    014D  B6 0F					 mov dh, LEFT_CORNER_Y
     85
     86	    014F  E8 0000e				 call frame
     87
     88	    0152  5F 5A	5B 59 07 58			 pop di	dx bx cx es ax
     89
     90	    0158  C3					 ret
     91	    0159			 endp
     92
     93					 ;===============================================
     94					 ;Destroy - ax
     95					 ;===============================================
     96
     97	    0159			 shine_bit	 proc
     98
     99
    100	    0159  E4 61					 in al,	61h
    101	    015B  8A E0					 mov ah, al
    102	    015D  0C 80					 or al,	80h
    103	    015F  E6 61					 out 61h, al
    104	    0161  8A C4					 mov al, ah
    105	    0163  E6 61					 out 61h, al
    106
    107	    0165  C3					 ret
    108	    0166			 endp
    109					 ;==============================================
    110					 ;Destruct - bx, ax, es
    111					 ;Output - Old09 - adress of old interupt
    112					 ;==============================================
    113	    0166			 interupt_new	 proc
Turbo Assembler	 Version 4.1	    03/02/20 11:11:45	    Page 3
interupt.asm



    114
    115	    0166  33 C0					 xor ax, ax
    116	    0168  8E C0					 mov es, ax
    117
    118	    016A  FA					 cli
    119	    016B  BB 0024				 mov bx, INT_9
    120
    121	    016E  26: 8B 07				 mov ax, word ptr es:[bx]
    122	    0171  A3 0127r				 mov Old09, ax
    123	    0174  26: 8B 47 02				 mov ax, word ptr es:[bx+2]
    124	    0178  A3 0129r				 mov Old09 + 2,	ax
    125
    126	    017B  26: C7 07 0106r			 mov word ptr es:[bx], offset New09
    127	    0180  8C C8					 mov ax, cs
    128	    0182  26: 89 47 02				 mov word ptr es:[bx+2], ax
    129	    0186  FB					 sti
    130
    131	    0187  C3					 ret
    132	    0188			 endp
    133
    134					 ;============================================
    135					 ;Programm ends	and stay resident
    136					 ;============================================
    137
    138		  =3100			 RESIDENT	 equ	 3100h
    139
    140	    0188			 stay_resident	 proc
    141
    142	    0188  B8 3100				 mov ax, RESIDENT
    143	    018B  BA 0000e				 mov dx, offset	EndLabel
    144	    018E  C1 EA	04				 shr dx, 4
    145	    0191  42					 inc dx
    146	    0192  42					 inc dx
    147	    0193  CD 21					 int 21h
    148	    0195  C3					 ret
    149	    0196			 endp
    150
    151					 End		 Start
Turbo Assembler	 Version 4.1	    03/02/20 11:11:45	    Page 4
Symbol Table




Symbol Name			  Type	 Value

??DATE				  Text	 "03/02/20"
??FILENAME			  Text	 "interupt"
??TIME				  Text	 "11:11:45"
??VERSION			  Number 040A
@32BIT				  Text	 0
@CODE				  Text	 DGROUP
@CODESIZE			  Text	 0
@CPU				  Text	 0F0FH
@CURSEG				  Text	 _TEXT
@DATA				  Text	 DGROUP
@DATASIZE			  Text	 0
@FILENAME			  Text	 INTERUPT
@INTERFACE			  Text	 000H
@MODEL				  Text	 1
@STACK				  Text	 DGROUP
@WORDSIZE			  Text	 2
ENDLABEL			  Word	 DGROUP:---- Extern
FRAME				  Near	 DGROUP:---- Extern
FRAME_				  Near	 DGROUP:012C
FRAME_COLOUR			  Number 7F7E
INTERUPT_NEW			  Near	 DGROUP:0166
INT_9				  Number 0024
LEFT_CORNER_X			  Number 0012
LEFT_CORNER_Y			  Number 000F
LINES				  Number 0005
NEW09				  Near	 DGROUP:0106
OLD09				  Word	 DGROUP:0127
OUTPUT				  Number 0021
OUTPUT_CODE_AX			  Number 4C00
RESIDENT			  Number 3100
SHINE_BIT			  Near	 DGROUP:0159
SKIP				  Near	 DGROUP:011D
START				  Near	 DGROUP:0100
STAY_RESIDENT			  Near	 DGROUP:0188
SYMBOLS_ONE_LINE		  Number 0050
VIDEO_MEMORY			  Number B800
WAIT_				  Word	 DGROUP:---- Extern
WIDTH				  Number 003C

Groups & Segments		  Bit Size Align  Combine Class

DGROUP				  Group
  _DATA				  16  0000 Word	  Public  DATA
  _TEXT				  16  0196 Word	  Public  CODE
Turbo Assembler	 Version 4.1	    03/02/20 11:11:45	    Page 5
Error Summary



*Warning* interupt.asm(17) Reserved word used as symbol: WIDTH
